<?xml version="1.0" encoding="UTF-8"?>
<!-- Generated by org.testng.reporters.JUnitXMLReporter -->
<testsuite ignored="0" hostname="DESKTOP-08GTU3I" failures="0" tests="3" name="Test" time="43.417" errors="0" timestamp="2024-02-21T13:09:24 IST">
  <testcase classname="com.test.qa.testcases.Logintest" name="loginpagetest" time="1.89"/>
  <testcase classname="com.test.qa.testcases.Homepagetest" name="homepagetest" time="7.433"/>
  <testcase classname="com.test.qa.testcases.Homepagetest" name="homepagetest" time="6.703"/>
</testsuite> <!-- Test -->
