<?xml version="1.0" encoding="UTF-8"?>
<testng-results ignored="0" total="3" passed="3" failed="0" skipped="0">
  <reporter-output>
  </reporter-output>
  <suite started-at="2024-02-21T13:08:41 IST" name="Suite" finished-at="2024-02-21T13:09:24 IST" duration-ms="43417">
    <groups>
    </groups>
    <test started-at="2024-02-21T13:08:41 IST" name="Test" finished-at="2024-02-21T13:09:24 IST" duration-ms="43417">
      <class name="com.test.qa.testcases.Homepagetest">
        <test-method is-config="true" signature="setup()[pri:0, instance:com.test.qa.testcases.Homepagetest@55a147cc]" started-at="2024-02-21T13:08:53 IST" name="setup" finished-at="2024-02-21T13:09:00 IST" duration-ms="7260" status="PASS">
          <reporter-output>
          </reporter-output>
        </test-method> <!-- setup -->
        <test-method signature="homepagetest(java.lang.String,java.lang.String,java.lang.String,java.lang.String)[pri:0, instance:com.test.qa.testcases.Homepagetest@55a147cc]" started-at="2024-02-21T13:09:00 IST" name="homepagetest" data-provider="Exceldata" finished-at="2024-02-21T13:09:08 IST" duration-ms="7433" status="PASS">
          <params>
            <param index="0">
              <value>
                <![CDATA[Anusha]]>
              </value>
            </param>
            <param index="1">
              <value>
                <![CDATA[K]]>
              </value>
            </param>
            <param index="2">
              <value>
                <![CDATA[anusha06.marolix@gmail.com]]>
              </value>
            </param>
            <param index="3">
              <value>
                <![CDATA[Tester]]>
              </value>
            </param>
          </params>
          <reporter-output>
          </reporter-output>
        </test-method> <!-- homepagetest -->
        <test-method is-config="true" signature="setup()[pri:0, instance:com.test.qa.testcases.Homepagetest@55a147cc]" started-at="2024-02-21T13:09:08 IST" name="setup" finished-at="2024-02-21T13:09:17 IST" duration-ms="9843" status="PASS">
          <reporter-output>
          </reporter-output>
        </test-method> <!-- setup -->
        <test-method is-config="true" signature="quit()[pri:0, instance:com.test.qa.testcases.Homepagetest@55a147cc]" started-at="2024-02-21T13:09:08 IST" name="quit" finished-at="2024-02-21T13:09:08 IST" duration-ms="0" status="PASS">
          <reporter-output>
          </reporter-output>
        </test-method> <!-- quit -->
        <test-method signature="homepagetest(java.lang.String,java.lang.String,java.lang.String,java.lang.String)[pri:0, instance:com.test.qa.testcases.Homepagetest@55a147cc]" started-at="2024-02-21T13:09:17 IST" name="homepagetest" data-provider="Exceldata" finished-at="2024-02-21T13:09:24 IST" duration-ms="6703" status="PASS">
          <params>
            <param index="0">
              <value>
                <![CDATA[Krishna]]>
              </value>
            </param>
            <param index="1">
              <value>
                <![CDATA[L]]>
              </value>
            </param>
            <param index="2">
              <value>
                <![CDATA[krishna06.marolix@gmail.com]]>
              </value>
            </param>
            <param index="3">
              <value>
                <![CDATA[Tester]]>
              </value>
            </param>
          </params>
          <reporter-output>
          </reporter-output>
        </test-method> <!-- homepagetest -->
        <test-method is-config="true" signature="quit()[pri:0, instance:com.test.qa.testcases.Homepagetest@55a147cc]" started-at="2024-02-21T13:09:24 IST" name="quit" finished-at="2024-02-21T13:09:24 IST" duration-ms="0" status="PASS">
          <reporter-output>
          </reporter-output>
        </test-method> <!-- quit -->
      </class> <!-- com.test.qa.testcases.Homepagetest -->
      <class name="com.test.qa.testcases.Logintest">
        <test-method is-config="true" signature="setup()[pri:0, instance:com.test.qa.testcases.Logintest@4c1909a3]" started-at="2024-02-21T13:08:41 IST" name="setup" finished-at="2024-02-21T13:08:50 IST" duration-ms="8906" status="PASS">
          <reporter-output>
          </reporter-output>
        </test-method> <!-- setup -->
        <test-method signature="loginpagetest()[pri:0, instance:com.test.qa.testcases.Logintest@4c1909a3]" started-at="2024-02-21T13:08:50 IST" name="loginpagetest" finished-at="2024-02-21T13:08:52 IST" duration-ms="1890" status="PASS">
          <reporter-output>
          </reporter-output>
        </test-method> <!-- loginpagetest -->
        <test-method is-config="true" signature="quit()[pri:0, instance:com.test.qa.testcases.Logintest@4c1909a3]" started-at="2024-02-21T13:08:52 IST" name="quit" finished-at="2024-02-21T13:08:52 IST" duration-ms="1" status="PASS">
          <reporter-output>
          </reporter-output>
        </test-method> <!-- quit -->
      </class> <!-- com.test.qa.testcases.Logintest -->
    </test> <!-- Test -->
  </suite> <!-- Suite -->
</testng-results>
